info it worked if it ends with ok
verbose cli [ '/usr/bin/nodejs', '/usr/bin/npm', 'install', 'oauth' ]
info using npm@1.1.4
info using node@v0.6.19
verbose config file /home/andrea/.npmrc
verbose config file /usr/etc/npmrc
verbose config file /usr/share/npm/npmrc
verbose caching /home/andrea/GraphCommunities/package.json
verbose loadDefaults uaProject@0.0.1
verbose caching /home/andrea/GraphCommunities/node_modules/jasmine-node/package.json
verbose loadDefaults jasmine-node@1.0.26
verbose caching /home/andrea/GraphCommunities/node_modules/oauth/package.json
verbose loadDefaults oauth@0.9.8
verbose caching /home/andrea/GraphCommunities/node_modules/qs/package.json
verbose loadDefaults qs@0.5.3
verbose caching /home/andrea/GraphCommunities/node_modules/ejs/package.json
verbose loadDefaults ejs@1.0.0
verbose caching /home/andrea/GraphCommunities/node_modules/express/package.json
verbose loadDefaults express@3.2.6
verbose caching /home/andrea/GraphCommunities/node_modules/hbs/package.json
verbose loadDefaults hbs@2.6.0
verbose from cache /home/andrea/GraphCommunities/package.json
verbose readDependencies: using package.json deps
verbose cache add [ 'oauth@*', null ]
silly cache add: name, spec, args [ undefined, 'oauth@*', [ 'oauth@*', null ] ]
verbose parsed url { pathname: 'oauth@*', path: 'oauth@*', href: 'oauth@*' }
silly cache add: name, spec, args [ 'oauth', '*', [ 'oauth', '*' ] ]
verbose parsed url { pathname: '*', path: '*', href: '*' }
verbose addNamed [ 'oauth', '*' ]
verbose addNamed [ null, '' ]
silly name, range, hasData [ 'oauth', '', false ]
verbose raw, before any munging oauth
verbose url resolving [ 'https://registry.npmjs.org/', './oauth' ]
verbose url resolved https://registry.npmjs.org/oauth
http GET https://registry.npmjs.org/oauth
ERR! Error: failed to fetch from registry: oauth
ERR!     at /usr/share/npm/lib/utils/npm-registry-client/get.js:139:12
ERR!     at cb (/usr/share/npm/lib/utils/npm-registry-client/request.js:31:9)
ERR!     at Request._callback (/usr/share/npm/lib/utils/npm-registry-client/request.js:136:18)
ERR!     at Request.callback (/usr/lib/nodejs/request/main.js:119:22)
ERR!     at Request.<anonymous> (/usr/lib/nodejs/request/main.js:212:58)
ERR!     at Request.emit (events.js:88:20)
ERR!     at ClientRequest.<anonymous> (/usr/lib/nodejs/request/main.js:412:12)
ERR!     at ClientRequest.g (events.js:156:14)
ERR!     at ClientRequest.emit (events.js:67:17)
ERR!     at HTTPParser.parserOnIncomingClient [as onIncoming] (http.js:1256:7)
ERR! You may report this log at:
ERR!     <http://bugs.debian.org/npm>
ERR! or use
ERR!     reportbug --attach /home/andrea/GraphCommunities/npm-debug.log npm
ERR! 
ERR! System Linux 3.8.0-35-generic
ERR! command "/usr/bin/nodejs" "/usr/bin/npm" "install" "oauth"
ERR! cwd /home/andrea/GraphCommunities
ERR! node -v v0.6.19
ERR! npm -v 1.1.4
ERR! message failed to fetch from registry: oauth
verbose exit [ 1, true ]
